<?xml version="1.0" encoding="UTF-8" ?>
<testsuite tests="7" failures="0" name="LinkedCircularListTest" time="0.021" errors="0" skipped="0">
  <properties>
[...]
</properties>
  <testcase classname="LinkedCircularListTest" name="testCorrectLinksAfterRemoving" time="0.016"/>
  <testcase classname="LinkedCircularListTest" name="testOrder" time="0"/>
  <testcase classname="LinkedCircularListTest" name="testSelfLinkedElement" time="0"/>
  <testcase classname="LinkedCircularListTest" name="testSize" time="0"/>
  <testcase classname="LinkedCircularListTest" name="clearShouldReturnZeroSize" time="0"/>
  <testcase classname="LinkedCircularListTest" name="testRemoveToZeroSize" time="0.005"/>
  <testcase classname="LinkedCircularListTest" name="testIsEmptyCorrecting" time="0"/>
</testsuite>